+++++++++++++++++++++++++
+++++++++++++++++++++++++
+++++++++++++++++++++++++
+++++++++++++XX++++++++++
++++++X++++++++++++++++++
++++++X++++++++++++++++++
++++XX+++++++++++++++++++
+++++++++++++++++X+++++++
+++++++++++++++++++++++++
+++++++++++++++++++++++++
++++++++++++XX+++++++++++
+++++X+++++++++++++++++++
++++X+++++++++++XXX++++++
+++++++++++++++++++++++++
+++++++++++++++++++++++++
+++++++++++++++++++++++++
++++++++++++++XX+++++++++
+++++++++++++++++++++++++
+++++XXXXX+++++++++++++++
+++++++++++++++++++++++++
+++++++++++++++++++XXX+++
+++++++++++++++++++++++++
+++++++++++XXX+++++++++++
+++++++++++++++++++++++++
+++++++++++++++++++++++++

