+++++++++++++++++++++++++
+++++++++++++++++++++++++
++++++++++XX+++++++++++++
++++++++++X++++++++++++++
+++++++++++++X+++++++++++
++++++++++++XX+++++++++++
+++++++++++++++++++++++++
+++++++++++++++++++++++++
+++++++++++++++++++++++++
+++++++++++++++++++++++++
+++++++++++++++++++++++++
+++++++++++++++++++++++++
+++++++++++++++++++++++++
+++++++++++++++++++++++++
+++++++++++++++++++++++++
+++++++++++++++++++++++++
+++++++++++++++++++++++++
+++++++++++++++++++++++++
+++++++++++++++++++++++++
+++++++++++++++++++++++++
++++++X++++++++++++++++++
++XXXX+XX++++++++++++++++
++XXXXXX+++++++++++++++++
+++XXXX++++++++++++++++++
+++++++++++++++++++++++++

