+++++++++++++++++++++++++
+++++++++++++++++++++++++
+++++++++++++++++++++++++
+++++++++++++++++++++++++
++++++X+XX+++++++++++++++
+++++X++++++X++++++++++++
++++XX+++X++X++++++++++++
+XX+X+++++XX+++++++++++++
+XX+X+++++XX+++++++++++++
++++XX+++X++X++++++++++++
+++++X++++++X++++++++++++
++++++X+XX+++++++++++++++
+++++++++++++++++++++++++
+++++++++++++++++++++++++
+++++++++++++++++++++++++
+++++++++++++++++++++++++
+++++++++++++++++++++++++
+++++++++++++++++++++++++
+++++++++++++++++++++++++
+++++++++++++++++++++++++
+++++++++++++++++++++++++
+++++++++++++++++++++++++
+++++++++++++++++++++++++
+++++++++++++++++++++++++
+++++++++++++++++++++++++

