+++++++++++++++++++++++++
+++++++++++++++++++++++++
+++++++++X+++++++++++++++
++++++++++X++++++++++++++
++++++++XXX++++++++++++++
++++X++++++++++++++++++++
+++++X+++++++++++++++++++
+++XXX+++++++++++++++++++
+++++++++++++++++++++++++
+++++++++++++++++++++++++
+++X+++++++++++++++++++++
++++X++++++++++++++++++++
++XXX++++++++++++++++++++
++++++++++++++++++XX+++++
+++++++++++++++++X++X++++
++++++++++++++++++XX+++++
+++++++++++++++++++++++++
+++++++++++++++++++++++++
+++++++++++++++++++++++++
+++++++++++++++++++++++++
+++++++++++++++++++++++++
+++++++++++++++++++++++++
+++++++++++++++++++++++++
+++++++++++++++++++++++++
+++++++++++++++++++++++++

